<?xml version="1.0" encoding="UTF-8"?>
<!-- Generated by org.testng.reporters.JUnitXMLReporter -->
<testsuite hostname="Robbies-MacBook-Pro.local" name="Command line test" tests="2" failures="0" timestamp="4 Nov 2019 22:49:57 GMT" time="0.835" errors="0">
  <testcase name="testProcessWithFalseOutcome" time="0.113" classname="com.rfideas.node.BadgeScanTest"/>
  <testcase name="testProcessWithTrueOutcome" time="0.005" classname="com.rfideas.node.BadgeScanTest"/>
</testsuite> <!-- Command line test -->
